<?xml version="1.0" encoding="UTF-8"?>
<!-- Generated by org.testng.reporters.JUnitXMLReporter -->
<testsuite ignored="0" hostname="MacBookAir" failures="0" tests="5" name="Default test" time="32.478" errors="0" timestamp="2025-05-18T15:32:16 EDT">
  <testcase classname="testCases.TC02_Login" name="testLogin" time="7.99"/>
  <testcase classname="testCases.TC02_Login" name="testLogin" time="2.434"/>
  <testcase classname="testCases.TC02_Login" name="testLogin" time="1.516"/>
  <testcase classname="testCases.TC02_Login" name="testLogin" time="1.293"/>
  <testcase classname="testCases.TC02_Login" name="testLogin" time="1.309"/>
</testsuite> <!-- Default test -->
