<?xml version="1.0" encoding="UTF-8"?>
<!-- Generated by org.testng.reporters.JUnitXMLReporter -->
<testsuite ignored="0" hostname="MacBookAir" failures="10" tests="10" name="chromeTest" time="81.977" errors="0" timestamp="2025-05-18T16:50:07 EDT">
  <testcase classname="testCases.TC01_LaunchApplication" name="testLaunchApplication" time="0.03">
    <failure type="java.lang.Error" message="Unresolved compilation problems: 
	The field BaseClass.driver is not visible
	The field BaseClass.driver is not visible
">
      <![CDATA[java.lang.Error: Unresolved compilation problems: 
The field BaseClass.driver is not visible
The field BaseClass.driver is not visible

at testCases.TC01_LaunchApplication.testLaunchApplication(TC01_LaunchApplication.java:27)
at java.base/java.util.ArrayList.forEach(ArrayList.java:1596)
at java.base/java.util.concurrent.FutureTask.run(FutureTask.java:317)
at java.base/java.util.concurrent.ThreadPoolExecutor.runWorker(ThreadPoolExecutor.java:1144)
at java.base/java.util.concurrent.ThreadPoolExecutor$Worker.run(ThreadPoolExecutor.java:642)
at java.base/java.lang.Thread.run(Thread.java:1583)
... Removed 15 stack frames]]>
    </failure>
  </testcase> <!-- testLaunchApplication -->
  <testcase classname="testCases.TC03_AddToCart" name="testAddToCart" time="0.006">
    <failure type="java.lang.Error" message="Unresolved compilation problems: 
	The field BaseClass.driver is not visible
	The field BaseClass.driver is not visible
">
      <![CDATA[java.lang.Error: Unresolved compilation problems: 
The field BaseClass.driver is not visible
The field BaseClass.driver is not visible

at testCases.TC03_AddToCart.testAddToCart(TC03_AddToCart.java:17)
at java.base/java.util.ArrayList.forEach(ArrayList.java:1596)
at java.base/java.util.concurrent.FutureTask.run(FutureTask.java:317)
at java.base/java.util.concurrent.ThreadPoolExecutor.runWorker(ThreadPoolExecutor.java:1144)
at java.base/java.util.concurrent.ThreadPoolExecutor$Worker.run(ThreadPoolExecutor.java:642)
at java.base/java.lang.Thread.run(Thread.java:1583)
... Removed 15 stack frames]]>
    </failure>
  </testcase> <!-- testAddToCart -->
  <testcase classname="testCases.TC05_AddToWishList" name="testAddToWishList" time="0.008">
    <failure type="java.lang.Error" message="Unresolved compilation problems: 
	The field BaseClass.driver is not visible
	The field BaseClass.driver is not visible
	The field BaseClass.driver is not visible
	The field BaseClass.driver is not visible
	The method assertTrue(String, boolean) in the type AssertJUnit is not applicable for the arguments (boolean, String)
">
      <![CDATA[java.lang.Error: Unresolved compilation problems: 
The field BaseClass.driver is not visible
The field BaseClass.driver is not visible
The field BaseClass.driver is not visible
The field BaseClass.driver is not visible
The method assertTrue(String, boolean) in the type AssertJUnit is not applicable for the arguments (boolean, String)

at testCases.TC05_AddToWishList.testAddToWishList(TC05_AddToWishList.java:21)
at java.base/java.util.ArrayList.forEach(ArrayList.java:1596)
at java.base/java.util.concurrent.FutureTask.run(FutureTask.java:317)
at java.base/java.util.concurrent.ThreadPoolExecutor.runWorker(ThreadPoolExecutor.java:1144)
at java.base/java.util.concurrent.ThreadPoolExecutor$Worker.run(ThreadPoolExecutor.java:642)
at java.base/java.lang.Thread.run(Thread.java:1583)
... Removed 15 stack frames]]>
    </failure>
  </testcase> <!-- testAddToWishList -->
  <testcase classname="testCases.TC06_AddAffiliate" name="testAddAffiliate" time="0.007">
    <failure type="java.lang.Error" message="Unresolved compilation problems: 
	The field BaseClass.driver is not visible
	The field BaseClass.driver is not visible
	The field BaseClass.driver is not visible
">
      <![CDATA[java.lang.Error: Unresolved compilation problems: 
The field BaseClass.driver is not visible
The field BaseClass.driver is not visible
The field BaseClass.driver is not visible

at testCases.TC06_AddAffiliate.testAddAffiliate(TC06_AddAffiliate.java:19)
at java.base/java.util.ArrayList.forEach(ArrayList.java:1596)
at java.base/java.util.concurrent.FutureTask.run(FutureTask.java:317)
at java.base/java.util.concurrent.ThreadPoolExecutor.runWorker(ThreadPoolExecutor.java:1144)
at java.base/java.util.concurrent.ThreadPoolExecutor$Worker.run(ThreadPoolExecutor.java:642)
at java.base/java.lang.Thread.run(Thread.java:1583)
... Removed 15 stack frames]]>
    </failure>
  </testcase> <!-- testAddAffiliate -->
  <testcase classname="testCases.TC02_Login" name="testLogin" time="0.023">
    <failure type="java.lang.Error" message="Unresolved compilation problems: 
	The field BaseClass.driver is not visible
	The field BaseClass.driver is not visible
	The field BaseClass.driver is not visible
">
      <![CDATA[java.lang.Error: Unresolved compilation problems: 
The field BaseClass.driver is not visible
The field BaseClass.driver is not visible
The field BaseClass.driver is not visible

at testCases.TC02_Login.testLogin(TC02_Login.java:29)
at java.base/java.util.ArrayList.forEach(ArrayList.java:1596)
at java.base/java.util.concurrent.FutureTask.run(FutureTask.java:317)
at java.base/java.util.concurrent.ThreadPoolExecutor.runWorker(ThreadPoolExecutor.java:1144)
at java.base/java.util.concurrent.ThreadPoolExecutor$Worker.run(ThreadPoolExecutor.java:642)
at java.base/java.lang.Thread.run(Thread.java:1583)
... Removed 15 stack frames]]>
    </failure>
  </testcase> <!-- testLogin -->
  <testcase classname="testCases.TC02_Login" name="testLogin" time="0.003">
    <failure type="java.lang.Error" message="Unresolved compilation problems: 
	The field BaseClass.driver is not visible
	The field BaseClass.driver is not visible
	The field BaseClass.driver is not visible
">
      <![CDATA[java.lang.Error: Unresolved compilation problems: 
The field BaseClass.driver is not visible
The field BaseClass.driver is not visible
The field BaseClass.driver is not visible

at testCases.TC02_Login.testLogin(TC02_Login.java:29)
at java.base/java.util.ArrayList.forEach(ArrayList.java:1596)
at java.base/java.util.concurrent.FutureTask.run(FutureTask.java:317)
at java.base/java.util.concurrent.ThreadPoolExecutor.runWorker(ThreadPoolExecutor.java:1144)
at java.base/java.util.concurrent.ThreadPoolExecutor$Worker.run(ThreadPoolExecutor.java:642)
at java.base/java.lang.Thread.run(Thread.java:1583)
... Removed 15 stack frames]]>
    </failure>
  </testcase> <!-- testLogin -->
  <testcase classname="testCases.TC02_Login" name="testLogin" time="0.004">
    <failure type="java.lang.Error" message="Unresolved compilation problems: 
	The field BaseClass.driver is not visible
	The field BaseClass.driver is not visible
	The field BaseClass.driver is not visible
">
      <![CDATA[java.lang.Error: Unresolved compilation problems: 
The field BaseClass.driver is not visible
The field BaseClass.driver is not visible
The field BaseClass.driver is not visible

at testCases.TC02_Login.testLogin(TC02_Login.java:29)
at java.base/java.util.ArrayList.forEach(ArrayList.java:1596)
at java.base/java.util.concurrent.FutureTask.run(FutureTask.java:317)
at java.base/java.util.concurrent.ThreadPoolExecutor.runWorker(ThreadPoolExecutor.java:1144)
at java.base/java.util.concurrent.ThreadPoolExecutor$Worker.run(ThreadPoolExecutor.java:642)
at java.base/java.lang.Thread.run(Thread.java:1583)
... Removed 15 stack frames]]>
    </failure>
  </testcase> <!-- testLogin -->
  <testcase classname="testCases.TC02_Login" name="testLogin" time="0.004">
    <failure type="java.lang.Error" message="Unresolved compilation problems: 
	The field BaseClass.driver is not visible
	The field BaseClass.driver is not visible
	The field BaseClass.driver is not visible
">
      <![CDATA[java.lang.Error: Unresolved compilation problems: 
The field BaseClass.driver is not visible
The field BaseClass.driver is not visible
The field BaseClass.driver is not visible

at testCases.TC02_Login.testLogin(TC02_Login.java:29)
at java.base/java.util.ArrayList.forEach(ArrayList.java:1596)
at java.base/java.util.concurrent.FutureTask.run(FutureTask.java:317)
at java.base/java.util.concurrent.ThreadPoolExecutor.runWorker(ThreadPoolExecutor.java:1144)
at java.base/java.util.concurrent.ThreadPoolExecutor$Worker.run(ThreadPoolExecutor.java:642)
at java.base/java.lang.Thread.run(Thread.java:1583)
... Removed 15 stack frames]]>
    </failure>
  </testcase> <!-- testLogin -->
  <testcase classname="testCases.TC02_Login" name="testLogin" time="0.005">
    <failure type="java.lang.Error" message="Unresolved compilation problems: 
	The field BaseClass.driver is not visible
	The field BaseClass.driver is not visible
	The field BaseClass.driver is not visible
">
      <![CDATA[java.lang.Error: Unresolved compilation problems: 
The field BaseClass.driver is not visible
The field BaseClass.driver is not visible
The field BaseClass.driver is not visible

at testCases.TC02_Login.testLogin(TC02_Login.java:29)
at java.base/java.util.ArrayList.forEach(ArrayList.java:1596)
at java.base/java.util.concurrent.FutureTask.run(FutureTask.java:317)
at java.base/java.util.concurrent.ThreadPoolExecutor.runWorker(ThreadPoolExecutor.java:1144)
at java.base/java.util.concurrent.ThreadPoolExecutor$Worker.run(ThreadPoolExecutor.java:642)
at java.base/java.lang.Thread.run(Thread.java:1583)
... Removed 15 stack frames]]>
    </failure>
  </testcase> <!-- testLogin -->
  <testcase classname="testCases.TC04_CompletePurchase" name="testCompletePurchase" time="0.014">
    <failure type="java.lang.Error" message="Unresolved compilation problems: 
	The field BaseClass.driver is not visible
	The field BaseClass.driver is not visible
	The field BaseClass.driver is not visible
	The field BaseClass.driver is not visible
	The field BaseClass.driver is not visible
">
      <![CDATA[java.lang.Error: Unresolved compilation problems: 
The field BaseClass.driver is not visible
The field BaseClass.driver is not visible
The field BaseClass.driver is not visible
The field BaseClass.driver is not visible
The field BaseClass.driver is not visible

at testCases.TC04_CompletePurchase.testCompletePurchase(TC04_CompletePurchase.java:21)
at java.base/java.util.ArrayList.forEach(ArrayList.java:1596)
at java.base/java.util.concurrent.FutureTask.run(FutureTask.java:317)
at java.base/java.util.concurrent.ThreadPoolExecutor.runWorker(ThreadPoolExecutor.java:1144)
at java.base/java.util.concurrent.ThreadPoolExecutor$Worker.run(ThreadPoolExecutor.java:642)
at java.base/java.lang.Thread.run(Thread.java:1583)
... Removed 15 stack frames]]>
    </failure>
  </testcase> <!-- testCompletePurchase -->
</testsuite> <!-- chromeTest -->
