<?xml version="1.0" encoding="UTF-8"?>
<!-- Generated by org.testng.reporters.JUnitXMLReporter -->
<testsuite ignored="2" hostname="MacBookAir" failures="0" tests="8" name="firefoxTest" time="157.303" errors="0" timestamp="2025-05-18T18:45:59 EDT">
  <testcase classname="testCases.TC01_LaunchApplication" name="testLaunchApplication" time="1.338"/>
  <testcase classname="testCases.TC03_AddToCart" name="testAddToCart" time="8.746"/>
  <testcase classname="testCases.TC02_Login" name="testLogin" time="3.078"/>
  <testcase classname="testCases.TC02_Login" name="testLogin" time="5.592"/>
  <testcase classname="testCases.TC02_Login" name="testLogin" time="2.658"/>
  <testcase classname="testCases.TC02_Login" name="testLogin" time="2.288"/>
  <testcase classname="testCases.TC02_Login" name="testLogin" time="2.561"/>
  <testcase classname="testCases.TC04_CompletePurchase" name="testCompletePurchase" time="17.811"/>
  <testcase classname="testCases.TC06_AddAffiliate" name="testAddAffiliate" time="0.0">
    <ignored/>
  </testcase> <!-- testAddAffiliate -->
  <testcase classname="testCases.TC05_AddToWishList" name="testAddToWishList" time="0.0">
    <ignored/>
  </testcase> <!-- testAddToWishList -->
</testsuite> <!-- firefoxTest -->
