<?xml version="1.0" encoding="UTF-8"?>
<!-- Generated by org.testng.reporters.JUnitXMLReporter -->
<testsuite ignored="0" hostname="MacBookAir" failures="1" tests="10" name="Test" time="134.084" errors="0" timestamp="2025-05-18T16:01:10 EDT">
  <testcase classname="testCases.TC01_LaunchApplication" name="testLaunchApplication" time="0.177"/>
  <testcase classname="testCases.TC03_AddToCart" name="testAddToCart" time="10.798"/>
  <testcase classname="testCases.TC05_AddToWishList" name="testAddToWishList" time="0.011">
    <failure type="java.lang.Error" message="Unresolved compilation problem: 
	The method assertTrue(String, boolean) in the type AssertJUnit is not applicable for the arguments (boolean, String)
">
      <![CDATA[java.lang.Error: Unresolved compilation problem: 
The method assertTrue(String, boolean) in the type AssertJUnit is not applicable for the arguments (boolean, String)

at testCases.TC05_AddToWishList.testAddToWishList(TC05_AddToWishList.java:38)
at java.base/java.util.ArrayList.forEach(ArrayList.java:1596)
... Removed 25 stack frames]]>
    </failure>
  </testcase> <!-- testAddToWishList -->
  <testcase classname="testCases.TC06_AddAffiliate" name="testAddAffiliate" time="11.145"/>
  <testcase classname="testCases.TC02_Login" name="testLogin" time="9.085"/>
  <testcase classname="testCases.TC02_Login" name="testLogin" time="2.598"/>
  <testcase classname="testCases.TC02_Login" name="testLogin" time="1.277"/>
  <testcase classname="testCases.TC02_Login" name="testLogin" time="1.255"/>
  <testcase classname="testCases.TC02_Login" name="testLogin" time="1.25"/>
  <testcase classname="testCases.TC04_CompletePurchase" name="testCompletePurchase" time="20.084"/>
</testsuite> <!-- Test -->
